2018-02-17 22:00:20 startup archives unpack
2018-02-17 22:00:21 install libgpm2:amd64 <none> 1.20.4-6.1+b2
2018-02-17 22:00:21 status half-installed libgpm2:amd64 1.20.4-6.1+b2
2018-02-17 22:00:21 status unpacked libgpm2:amd64 1.20.4-6.1+b2
2018-02-17 22:00:21 status unpacked libgpm2:amd64 1.20.4-6.1+b2
2018-02-17 22:00:21 install vim-common:amd64 <none> 2:7.4.488-7+deb8u3
2018-02-17 22:00:21 status half-installed vim-common:amd64 2:7.4.488-7+deb8u3
2018-02-17 22:00:22 status unpacked vim-common:amd64 2:7.4.488-7+deb8u3
2018-02-17 22:00:22 status unpacked vim-common:amd64 2:7.4.488-7+deb8u3
2018-02-17 22:00:22 install vim-runtime:all <none> 2:7.4.488-7+deb8u3
2018-02-17 22:00:22 status half-installed vim-runtime:all 2:7.4.488-7+deb8u3
2018-02-17 22:00:24 status unpacked vim-runtime:all 2:7.4.488-7+deb8u3
2018-02-17 22:00:24 status unpacked vim-runtime:all 2:7.4.488-7+deb8u3
2018-02-17 22:00:24 install vim:amd64 <none> 2:7.4.488-7+deb8u3
2018-02-17 22:00:24 status half-installed vim:amd64 2:7.4.488-7+deb8u3
2018-02-17 22:00:25 status unpacked vim:amd64 2:7.4.488-7+deb8u3
2018-02-17 22:00:25 status unpacked vim:amd64 2:7.4.488-7+deb8u3
2018-02-17 22:00:25 startup packages configure
2018-02-17 22:00:25 configure libgpm2:amd64 1.20.4-6.1+b2 <none>
2018-02-17 22:00:25 status unpacked libgpm2:amd64 1.20.4-6.1+b2
2018-02-17 22:00:25 status half-configured libgpm2:amd64 1.20.4-6.1+b2
2018-02-17 22:00:25 status installed libgpm2:amd64 1.20.4-6.1+b2
2018-02-17 22:00:25 status triggers-pending libc-bin:amd64 2.19-18+deb8u10
2018-02-17 22:00:25 configure vim-common:amd64 2:7.4.488-7+deb8u3 <none>
2018-02-17 22:00:25 status unpacked vim-common:amd64 2:7.4.488-7+deb8u3
2018-02-17 22:00:25 status unpacked vim-common:amd64 2:7.4.488-7+deb8u3
2018-02-17 22:00:25 status half-configured vim-common:amd64 2:7.4.488-7+deb8u3
2018-02-17 22:00:25 status installed vim-common:amd64 2:7.4.488-7+deb8u3
2018-02-17 22:00:25 configure vim-runtime:all 2:7.4.488-7+deb8u3 <none>
2018-02-17 22:00:25 status unpacked vim-runtime:all 2:7.4.488-7+deb8u3
2018-02-17 22:00:25 status half-configured vim-runtime:all 2:7.4.488-7+deb8u3
2018-02-17 22:00:26 status installed vim-runtime:all 2:7.4.488-7+deb8u3
2018-02-17 22:00:26 configure vim:amd64 2:7.4.488-7+deb8u3 <none>
2018-02-17 22:00:26 status unpacked vim:amd64 2:7.4.488-7+deb8u3
2018-02-17 22:00:26 status half-configured vim:amd64 2:7.4.488-7+deb8u3
2018-02-17 22:00:26 status installed vim:amd64 2:7.4.488-7+deb8u3
2018-02-17 22:00:26 trigproc libc-bin:amd64 2.19-18+deb8u10 <none>
2018-02-17 22:00:26 status half-configured libc-bin:amd64 2.19-18+deb8u10
2018-02-17 22:00:26 status installed libc-bin:amd64 2.19-18+deb8u10
2018-02-17 22:00:27 startup packages configure
2018-02-18 00:13:28 startup archives unpack
2018-02-18 00:13:28 install apt-transport-https:amd64 <none> 1.0.9.8.4
2018-02-18 00:13:28 status half-installed apt-transport-https:amd64 1.0.9.8.4
2018-02-18 00:13:28 status unpacked apt-transport-https:amd64 1.0.9.8.4
2018-02-18 00:13:28 status unpacked apt-transport-https:amd64 1.0.9.8.4
2018-02-18 00:13:29 startup packages configure
2018-02-18 00:13:29 configure apt-transport-https:amd64 1.0.9.8.4 <none>
2018-02-18 00:13:29 status unpacked apt-transport-https:amd64 1.0.9.8.4
2018-02-18 00:13:29 status half-configured apt-transport-https:amd64 1.0.9.8.4
2018-02-18 00:13:29 status installed apt-transport-https:amd64 1.0.9.8.4
2018-02-18 00:13:30 startup packages configure
2018-02-18 00:14:25 startup archives unpack
2018-02-18 00:14:25 install yarn:all <none> 1.3.2-1
2018-02-18 00:14:25 status half-installed yarn:all 1.3.2-1
2018-02-18 00:14:25 status unpacked yarn:all 1.3.2-1
2018-02-18 00:14:25 status unpacked yarn:all 1.3.2-1
2018-02-18 00:14:26 startup packages configure
2018-02-18 00:14:26 configure yarn:all 1.3.2-1 <none>
2018-02-18 00:14:26 status unpacked yarn:all 1.3.2-1
2018-02-18 00:14:26 status half-configured yarn:all 1.3.2-1
2018-02-18 00:14:26 status installed yarn:all 1.3.2-1
2018-02-18 00:14:27 startup packages configure
2018-02-18 00:16:11 startup archives unpack
2018-02-18 00:16:11 install libax25:amd64 <none> 0.0.12-rc2+cvs20120204-3
2018-02-18 00:16:11 status half-installed libax25:amd64 0.0.12-rc2+cvs20120204-3
2018-02-18 00:16:11 status unpacked libax25:amd64 0.0.12-rc2+cvs20120204-3
2018-02-18 00:16:11 status unpacked libax25:amd64 0.0.12-rc2+cvs20120204-3
2018-02-18 00:16:11 install libfile-copy-recursive-perl:all <none> 0.38-1
2018-02-18 00:16:11 status half-installed libfile-copy-recursive-perl:all 0.38-1
2018-02-18 00:16:11 status unpacked libfile-copy-recursive-perl:all 0.38-1
2018-02-18 00:16:11 status unpacked libfile-copy-recursive-perl:all 0.38-1
2018-02-18 00:16:11 install update-inetd:all <none> 4.43
2018-02-18 00:16:11 status half-installed update-inetd:all 4.43
2018-02-18 00:16:11 status unpacked update-inetd:all 4.43
2018-02-18 00:16:11 status unpacked update-inetd:all 4.43
2018-02-18 00:16:11 install tcpd:amd64 <none> 7.6.q-25
2018-02-18 00:16:11 status half-installed tcpd:amd64 7.6.q-25
2018-02-18 00:16:11 status unpacked tcpd:amd64 7.6.q-25
2018-02-18 00:16:11 status unpacked tcpd:amd64 7.6.q-25
2018-02-18 00:16:12 install openbsd-inetd:amd64 <none> 0.20140418-2
2018-02-18 00:16:12 status half-installed openbsd-inetd:amd64 0.20140418-2
2018-02-18 00:16:12 status triggers-pending systemd:amd64 215-17+deb8u7
2018-02-18 00:16:12 status unpacked openbsd-inetd:amd64 0.20140418-2
2018-02-18 00:16:12 status unpacked openbsd-inetd:amd64 0.20140418-2
2018-02-18 00:16:12 install ax25-node:amd64 <none> 0.3.2-7.4
2018-02-18 00:16:12 status half-installed ax25-node:amd64 0.3.2-7.4
2018-02-18 00:16:12 status unpacked ax25-node:amd64 0.3.2-7.4
2018-02-18 00:16:12 status unpacked ax25-node:amd64 0.3.2-7.4
2018-02-18 00:16:12 install node:all <none> 0.3.2-7.4
2018-02-18 00:16:12 status half-installed node:all 0.3.2-7.4
2018-02-18 00:16:12 status unpacked node:all 0.3.2-7.4
2018-02-18 00:16:12 status unpacked node:all 0.3.2-7.4
2018-02-18 00:16:12 trigproc systemd:amd64 215-17+deb8u7 <none>
2018-02-18 00:16:12 status half-configured systemd:amd64 215-17+deb8u7
2018-02-18 00:16:12 status installed systemd:amd64 215-17+deb8u7
2018-02-18 00:16:13 startup packages configure
2018-02-18 00:16:13 configure libax25:amd64 0.0.12-rc2+cvs20120204-3 <none>
2018-02-18 00:16:13 status unpacked libax25:amd64 0.0.12-rc2+cvs20120204-3
2018-02-18 00:16:13 status unpacked libax25:amd64 0.0.12-rc2+cvs20120204-3
2018-02-18 00:16:13 status unpacked libax25:amd64 0.0.12-rc2+cvs20120204-3
2018-02-18 00:16:13 status unpacked libax25:amd64 0.0.12-rc2+cvs20120204-3
2018-02-18 00:16:13 status half-configured libax25:amd64 0.0.12-rc2+cvs20120204-3
2018-02-18 00:16:13 status installed libax25:amd64 0.0.12-rc2+cvs20120204-3
2018-02-18 00:16:13 status triggers-pending libc-bin:amd64 2.19-18+deb8u10
2018-02-18 00:16:13 configure libfile-copy-recursive-perl:all 0.38-1 <none>
2018-02-18 00:16:13 status unpacked libfile-copy-recursive-perl:all 0.38-1
2018-02-18 00:16:13 status half-configured libfile-copy-recursive-perl:all 0.38-1
2018-02-18 00:16:13 status installed libfile-copy-recursive-perl:all 0.38-1
2018-02-18 00:16:13 configure update-inetd:all 4.43 <none>
2018-02-18 00:16:13 status unpacked update-inetd:all 4.43
2018-02-18 00:16:13 status half-configured update-inetd:all 4.43
2018-02-18 00:16:13 status installed update-inetd:all 4.43
2018-02-18 00:16:13 configure tcpd:amd64 7.6.q-25 <none>
2018-02-18 00:16:13 status unpacked tcpd:amd64 7.6.q-25
2018-02-18 00:16:13 status half-configured tcpd:amd64 7.6.q-25
2018-02-18 00:16:13 status installed tcpd:amd64 7.6.q-25
2018-02-18 00:16:13 configure openbsd-inetd:amd64 0.20140418-2 <none>
2018-02-18 00:16:13 status unpacked openbsd-inetd:amd64 0.20140418-2
2018-02-18 00:16:13 status triggers-pending systemd:amd64 215-17+deb8u7
2018-02-18 00:16:13 status unpacked openbsd-inetd:amd64 0.20140418-2
2018-02-18 00:16:13 status half-configured openbsd-inetd:amd64 0.20140418-2
2018-02-18 00:16:14 status installed openbsd-inetd:amd64 0.20140418-2
2018-02-18 00:16:14 configure ax25-node:amd64 0.3.2-7.4 <none>
2018-02-18 00:16:14 status unpacked ax25-node:amd64 0.3.2-7.4
2018-02-18 00:16:14 status unpacked ax25-node:amd64 0.3.2-7.4
2018-02-18 00:16:14 status unpacked ax25-node:amd64 0.3.2-7.4
2018-02-18 00:16:14 status unpacked ax25-node:amd64 0.3.2-7.4
2018-02-18 00:16:14 status half-configured ax25-node:amd64 0.3.2-7.4
2018-02-18 00:16:14 status installed ax25-node:amd64 0.3.2-7.4
2018-02-18 00:16:14 configure node:all 0.3.2-7.4 <none>
2018-02-18 00:16:14 status unpacked node:all 0.3.2-7.4
2018-02-18 00:16:14 status half-configured node:all 0.3.2-7.4
2018-02-18 00:16:14 status installed node:all 0.3.2-7.4
2018-02-18 00:16:14 trigproc libc-bin:amd64 2.19-18+deb8u10 <none>
2018-02-18 00:16:14 status half-configured libc-bin:amd64 2.19-18+deb8u10
2018-02-18 00:16:14 status installed libc-bin:amd64 2.19-18+deb8u10
2018-02-18 00:16:14 trigproc systemd:amd64 215-17+deb8u7 <none>
2018-02-18 00:16:14 status half-configured systemd:amd64 215-17+deb8u7
2018-02-18 00:16:14 status installed systemd:amd64 215-17+deb8u7
2018-02-18 00:16:15 startup packages configure
